<?xml version="1.0" encoding="UTF-8"?>
<robot generator="Robot 6.1.1 (Python 3.10.12 on linux)" generated="20231120 20:26:49.047" rpa="false" schemaversion="4">
<suite id="s1" name="Tests" source="/home/hennisep/ohtu2023/palautusrepositorio/viikko3/web-login/src/tests">
<suite id="s1-s1" name="Home" source="/home/hennisep/ohtu2023/palautusrepositorio/viikko3/web-login/src/tests/home.robot">
<kw name="Open And Configure Browser" library="resource" type="SETUP">
<kw name="Evaluate" library="BuiltIn">
<var>${options}</var>
<arg>sys.modules['selenium.webdriver'].ChromeOptions()</arg>
<arg>sys</arg>
<doc>Evaluates the given expression in Python and returns the result.</doc>
<msg timestamp="20231120 20:26:49.270" level="INFO">${options} = &lt;selenium.webdriver.chrome.options.Options object at 0x7fa756229060&gt;</msg>
<status status="PASS" starttime="20231120 20:26:49.269" endtime="20231120 20:26:49.270"/>
</kw>
<kw name="Open Browser" library="SeleniumLibrary">
<arg>browser=chrome</arg>
<arg>options=${options}</arg>
<doc>Opens a new browser instance to the optional ``url``.</doc>
<msg timestamp="20231120 20:26:49.271" level="INFO">Opening browser 'chrome' to base url 'None'.</msg>
<status status="PASS" starttime="20231120 20:26:49.270" endtime="20231120 20:26:50.836"/>
</kw>
<kw name="Set Selenium Speed" library="SeleniumLibrary">
<arg>${DELAY}</arg>
<doc>Sets the delay that is waited after each Selenium command.</doc>
<status status="PASS" starttime="20231120 20:26:50.836" endtime="20231120 20:26:50.837"/>
</kw>
<status status="PASS" starttime="20231120 20:26:49.269" endtime="20231120 20:26:50.837"/>
</kw>
<test id="s1-s1-t1" name="Click Login Link" line="8">
<kw name="Go To Starting Page" library="resource" type="SETUP">
<msg timestamp="20231120 20:26:50.839" level="FAIL">Keyword with same name defined multiple times.</msg>
<status status="FAIL" starttime="20231120 20:26:50.838" endtime="20231120 20:26:50.839"/>
</kw>
<status status="FAIL" starttime="20231120 20:26:50.837" endtime="20231120 20:26:50.839">Setup failed:
Keyword with same name defined multiple times.</status>
</test>
<test id="s1-s1-t2" name="Click Register Link" line="12">
<kw name="Go To Starting Page" library="resource" type="SETUP">
<msg timestamp="20231120 20:26:50.840" level="FAIL">Keyword with same name defined multiple times.</msg>
<status status="FAIL" starttime="20231120 20:26:50.840" endtime="20231120 20:26:50.840"/>
</kw>
<status status="FAIL" starttime="20231120 20:26:50.840" endtime="20231120 20:26:50.841">Setup failed:
Keyword with same name defined multiple times.</status>
</test>
<kw name="Close Browser" library="SeleniumLibrary" type="TEARDOWN">
<doc>Closes the current browser.</doc>
<status status="PASS" starttime="20231120 20:26:50.842" endtime="20231120 20:26:51.402"/>
</kw>
<status status="FAIL" starttime="20231120 20:26:49.064" endtime="20231120 20:26:51.402"/>
</suite>
<suite id="s1-s2" name="Login" source="/home/hennisep/ohtu2023/palautusrepositorio/viikko3/web-login/src/tests/login.robot">
<kw name="Open And Configure Browser" library="resource" type="SETUP">
<kw name="Evaluate" library="BuiltIn">
<var>${options}</var>
<arg>sys.modules['selenium.webdriver'].ChromeOptions()</arg>
<arg>sys</arg>
<doc>Evaluates the given expression in Python and returns the result.</doc>
<msg timestamp="20231120 20:26:51.412" level="INFO">${options} = &lt;selenium.webdriver.chrome.options.Options object at 0x7fa75622bf40&gt;</msg>
<status status="PASS" starttime="20231120 20:26:51.411" endtime="20231120 20:26:51.412"/>
</kw>
<kw name="Open Browser" library="SeleniumLibrary">
<arg>browser=chrome</arg>
<arg>options=${options}</arg>
<doc>Opens a new browser instance to the optional ``url``.</doc>
<msg timestamp="20231120 20:26:51.413" level="INFO">Opening browser 'chrome' to base url 'None'.</msg>
<status status="PASS" starttime="20231120 20:26:51.412" endtime="20231120 20:26:52.492"/>
</kw>
<kw name="Set Selenium Speed" library="SeleniumLibrary">
<arg>${DELAY}</arg>
<doc>Sets the delay that is waited after each Selenium command.</doc>
<status status="PASS" starttime="20231120 20:26:52.493" endtime="20231120 20:26:52.493"/>
</kw>
<status status="PASS" starttime="20231120 20:26:51.411" endtime="20231120 20:26:52.493"/>
</kw>
<test id="s1-s2-t1" name="Login With Correct Credentials" line="8">
<kw name="Create User And Go To Login Page" type="SETUP">
<kw name="Create User" library="AppLibrary">
<arg>kalle</arg>
<arg>kalle123</arg>
<status status="PASS" starttime="20231120 20:26:52.494" endtime="20231120 20:26:52.502"/>
</kw>
<kw name="Go To Login Page" library="resource">
<kw name="Go To" library="SeleniumLibrary">
<arg>${LOGIN_URL}</arg>
<doc>Navigates the current browser window to the provided ``url``.</doc>
<msg timestamp="20231120 20:26:52.503" level="INFO">Opening url 'http://localhost:5001/login'</msg>
<status status="PASS" starttime="20231120 20:26:52.503" endtime="20231120 20:26:53.078"/>
</kw>
<status status="PASS" starttime="20231120 20:26:52.502" endtime="20231120 20:26:53.078"/>
</kw>
<kw name="Login Page Should Be Open" library="resource">
<kw name="Title Should Be" library="SeleniumLibrary">
<arg>Login</arg>
<doc>Verifies that the current page title equals ``title``.</doc>
<msg timestamp="20231120 20:26:53.593" level="INFO">Page title is 'Login'.</msg>
<status status="PASS" starttime="20231120 20:26:53.078" endtime="20231120 20:26:53.594"/>
</kw>
<status status="PASS" starttime="20231120 20:26:53.078" endtime="20231120 20:26:53.594"/>
</kw>
<status status="PASS" starttime="20231120 20:26:52.494" endtime="20231120 20:26:53.594"/>
</kw>
<kw name="Set Username">
<arg>kalle</arg>
<kw name="Input Text" library="SeleniumLibrary">
<arg>username</arg>
<arg>${username}</arg>
<doc>Types the given ``text`` into the text field identified by ``locator``.</doc>
<msg timestamp="20231120 20:26:53.596" level="INFO">Typing text 'kalle' into text field 'username'.</msg>
<status status="PASS" starttime="20231120 20:26:53.595" endtime="20231120 20:26:55.275"/>
</kw>
<status status="PASS" starttime="20231120 20:26:53.594" endtime="20231120 20:26:55.276"/>
</kw>
<kw name="Set Password">
<arg>kalle123</arg>
<kw name="Input Password" library="SeleniumLibrary">
<arg>password</arg>
<arg>${password}</arg>
<doc>Types the given password into the text field identified by ``locator``.</doc>
<msg timestamp="20231120 20:26:55.278" level="INFO">Typing password into text field 'password'.</msg>
<msg timestamp="20231120 20:26:56.324" level="INFO">Temporally setting log level to: NONE</msg>
<msg timestamp="20231120 20:26:56.874" level="INFO">Log level changed from NONE to INFO.</msg>
<status status="PASS" starttime="20231120 20:26:55.277" endtime="20231120 20:26:56.874"/>
</kw>
<status status="PASS" starttime="20231120 20:26:55.276" endtime="20231120 20:26:56.875"/>
</kw>
<kw name="Submit Credentials">
<kw name="Click Button" library="SeleniumLibrary">
<arg>Login</arg>
<doc>Clicks the button identified by ``locator``.</doc>
<msg timestamp="20231120 20:26:56.876" level="INFO">Clicking button 'Login'.</msg>
<status status="PASS" starttime="20231120 20:26:56.875" endtime="20231120 20:26:58.989"/>
</kw>
<status status="PASS" starttime="20231120 20:26:56.875" endtime="20231120 20:26:58.990"/>
</kw>
<kw name="Login Should Succeed">
<kw name="Main Page Should Be Open" library="resource">
<kw name="Title Should Be" library="SeleniumLibrary">
<arg>Ohtu Application main page</arg>
<doc>Verifies that the current page title equals ``title``.</doc>
<msg timestamp="20231120 20:26:59.501" level="INFO">Page title is 'Ohtu Application main page'.</msg>
<status status="PASS" starttime="20231120 20:26:58.991" endtime="20231120 20:26:59.501"/>
</kw>
<status status="PASS" starttime="20231120 20:26:58.990" endtime="20231120 20:26:59.501"/>
</kw>
<status status="PASS" starttime="20231120 20:26:58.990" endtime="20231120 20:26:59.501"/>
</kw>
<status status="PASS" starttime="20231120 20:26:52.493" endtime="20231120 20:26:59.502"/>
</test>
<test id="s1-s2-t2" name="Login With Incorrect Password" line="14">
<kw name="Create User And Go To Login Page" type="SETUP">
<kw name="Create User" library="AppLibrary">
<arg>kalle</arg>
<arg>kalle123</arg>
<status status="PASS" starttime="20231120 20:26:59.504" endtime="20231120 20:26:59.517"/>
</kw>
<kw name="Go To Login Page" library="resource">
<kw name="Go To" library="SeleniumLibrary">
<arg>${LOGIN_URL}</arg>
<doc>Navigates the current browser window to the provided ``url``.</doc>
<msg timestamp="20231120 20:26:59.519" level="INFO">Opening url 'http://localhost:5001/login'</msg>
<status status="PASS" starttime="20231120 20:26:59.518" endtime="20231120 20:27:00.052"/>
</kw>
<status status="PASS" starttime="20231120 20:26:59.518" endtime="20231120 20:27:00.052"/>
</kw>
<kw name="Login Page Should Be Open" library="resource">
<kw name="Title Should Be" library="SeleniumLibrary">
<arg>Login</arg>
<doc>Verifies that the current page title equals ``title``.</doc>
<msg timestamp="20231120 20:27:00.562" level="INFO">Page title is 'Login'.</msg>
<status status="PASS" starttime="20231120 20:27:00.053" endtime="20231120 20:27:00.562"/>
</kw>
<status status="PASS" starttime="20231120 20:27:00.052" endtime="20231120 20:27:00.562"/>
</kw>
<status status="PASS" starttime="20231120 20:26:59.503" endtime="20231120 20:27:00.563"/>
</kw>
<kw name="Set Username">
<arg>kalle</arg>
<kw name="Input Text" library="SeleniumLibrary">
<arg>username</arg>
<arg>${username}</arg>
<doc>Types the given ``text`` into the text field identified by ``locator``.</doc>
<msg timestamp="20231120 20:27:00.565" level="INFO">Typing text 'kalle' into text field 'username'.</msg>
<status status="PASS" starttime="20231120 20:27:00.564" endtime="20231120 20:27:02.165"/>
</kw>
<status status="PASS" starttime="20231120 20:27:00.563" endtime="20231120 20:27:02.165"/>
</kw>
<kw name="Set Password">
<arg>kalle456</arg>
<kw name="Input Password" library="SeleniumLibrary">
<arg>password</arg>
<arg>${password}</arg>
<doc>Types the given password into the text field identified by ``locator``.</doc>
<msg timestamp="20231120 20:27:02.167" level="INFO">Typing password into text field 'password'.</msg>
<msg timestamp="20231120 20:27:03.213" level="INFO">Temporally setting log level to: NONE</msg>
<msg timestamp="20231120 20:27:03.762" level="INFO">Log level changed from NONE to INFO.</msg>
<status status="PASS" starttime="20231120 20:27:02.166" endtime="20231120 20:27:03.762"/>
</kw>
<status status="PASS" starttime="20231120 20:27:02.165" endtime="20231120 20:27:03.762"/>
</kw>
<kw name="Submit Credentials">
<kw name="Click Button" library="SeleniumLibrary">
<arg>Login</arg>
<doc>Clicks the button identified by ``locator``.</doc>
<msg timestamp="20231120 20:27:03.764" level="INFO">Clicking button 'Login'.</msg>
<status status="PASS" starttime="20231120 20:27:03.763" endtime="20231120 20:27:05.839"/>
</kw>
<status status="PASS" starttime="20231120 20:27:03.762" endtime="20231120 20:27:05.839"/>
</kw>
<kw name="Login Should Fail With Message">
<arg>Invalid username or password</arg>
<kw name="Login Page Should Be Open" library="resource">
<kw name="Title Should Be" library="SeleniumLibrary">
<arg>Login</arg>
<doc>Verifies that the current page title equals ``title``.</doc>
<msg timestamp="20231120 20:27:06.347" level="INFO">Page title is 'Login'.</msg>
<status status="PASS" starttime="20231120 20:27:05.840" endtime="20231120 20:27:06.347"/>
</kw>
<status status="PASS" starttime="20231120 20:27:05.840" endtime="20231120 20:27:06.347"/>
</kw>
<kw name="Page Should Contain" library="SeleniumLibrary">
<arg>${message}</arg>
<doc>Verifies that current page contains ``text``.</doc>
<msg timestamp="20231120 20:27:07.382" level="INFO">Current page contains text 'Invalid username or password'.</msg>
<status status="PASS" starttime="20231120 20:27:06.347" endtime="20231120 20:27:07.383"/>
</kw>
<status status="PASS" starttime="20231120 20:27:05.839" endtime="20231120 20:27:07.383"/>
</kw>
<status status="PASS" starttime="20231120 20:26:59.502" endtime="20231120 20:27:07.383"/>
</test>
<test id="s1-s2-t3" name="Login With Nonexistent Username" line="20">
<kw name="Create User And Go To Login Page" type="SETUP">
<kw name="Create User" library="AppLibrary">
<arg>kalle</arg>
<arg>kalle123</arg>
<status status="PASS" starttime="20231120 20:27:07.385" endtime="20231120 20:27:07.398"/>
</kw>
<kw name="Go To Login Page" library="resource">
<kw name="Go To" library="SeleniumLibrary">
<arg>${LOGIN_URL}</arg>
<doc>Navigates the current browser window to the provided ``url``.</doc>
<msg timestamp="20231120 20:27:07.399" level="INFO">Opening url 'http://localhost:5001/login'</msg>
<status status="PASS" starttime="20231120 20:27:07.399" endtime="20231120 20:27:07.925"/>
</kw>
<status status="PASS" starttime="20231120 20:27:07.399" endtime="20231120 20:27:07.925"/>
</kw>
<kw name="Login Page Should Be Open" library="resource">
<kw name="Title Should Be" library="SeleniumLibrary">
<arg>Login</arg>
<doc>Verifies that the current page title equals ``title``.</doc>
<msg timestamp="20231120 20:27:08.435" level="INFO">Page title is 'Login'.</msg>
<status status="PASS" starttime="20231120 20:27:07.926" endtime="20231120 20:27:08.436"/>
</kw>
<status status="PASS" starttime="20231120 20:27:07.925" endtime="20231120 20:27:08.436"/>
</kw>
<status status="PASS" starttime="20231120 20:27:07.384" endtime="20231120 20:27:08.436"/>
</kw>
<kw name="Set Username">
<arg>väärä</arg>
<kw name="Input Text" library="SeleniumLibrary">
<arg>username</arg>
<arg>${username}</arg>
<doc>Types the given ``text`` into the text field identified by ``locator``.</doc>
<msg timestamp="20231120 20:27:08.438" level="INFO">Typing text 'väärä' into text field 'username'.</msg>
<status status="PASS" starttime="20231120 20:27:08.437" endtime="20231120 20:27:10.055"/>
</kw>
<status status="PASS" starttime="20231120 20:27:08.436" endtime="20231120 20:27:10.055"/>
</kw>
<kw name="Set Password">
<arg>väärätämäkin</arg>
<kw name="Input Password" library="SeleniumLibrary">
<arg>password</arg>
<arg>${password}</arg>
<doc>Types the given password into the text field identified by ``locator``.</doc>
<msg timestamp="20231120 20:27:10.057" level="INFO">Typing password into text field 'password'.</msg>
<msg timestamp="20231120 20:27:11.095" level="INFO">Temporally setting log level to: NONE</msg>
<msg timestamp="20231120 20:27:11.643" level="INFO">Log level changed from NONE to INFO.</msg>
<status status="PASS" starttime="20231120 20:27:10.056" endtime="20231120 20:27:11.643"/>
</kw>
<status status="PASS" starttime="20231120 20:27:10.055" endtime="20231120 20:27:11.643"/>
</kw>
<kw name="Submit Credentials">
<kw name="Click Button" library="SeleniumLibrary">
<arg>Login</arg>
<doc>Clicks the button identified by ``locator``.</doc>
<msg timestamp="20231120 20:27:11.645" level="INFO">Clicking button 'Login'.</msg>
<status status="PASS" starttime="20231120 20:27:11.644" endtime="20231120 20:27:13.730"/>
</kw>
<status status="PASS" starttime="20231120 20:27:11.643" endtime="20231120 20:27:13.730"/>
</kw>
<kw name="Login Should Fail With Message">
<arg>Invalid username or password</arg>
<kw name="Login Page Should Be Open" library="resource">
<kw name="Title Should Be" library="SeleniumLibrary">
<arg>Login</arg>
<doc>Verifies that the current page title equals ``title``.</doc>
<msg timestamp="20231120 20:27:14.242" level="INFO">Page title is 'Login'.</msg>
<status status="PASS" starttime="20231120 20:27:13.731" endtime="20231120 20:27:14.242"/>
</kw>
<status status="PASS" starttime="20231120 20:27:13.731" endtime="20231120 20:27:14.243"/>
</kw>
<kw name="Page Should Contain" library="SeleniumLibrary">
<arg>${message}</arg>
<doc>Verifies that current page contains ``text``.</doc>
<msg timestamp="20231120 20:27:15.265" level="INFO">Current page contains text 'Invalid username or password'.</msg>
<status status="PASS" starttime="20231120 20:27:14.243" endtime="20231120 20:27:15.265"/>
</kw>
<status status="PASS" starttime="20231120 20:27:13.730" endtime="20231120 20:27:15.265"/>
</kw>
<status status="PASS" starttime="20231120 20:27:07.384" endtime="20231120 20:27:15.265"/>
</test>
<kw name="Close Browser" library="SeleniumLibrary" type="TEARDOWN">
<doc>Closes the current browser.</doc>
<status status="PASS" starttime="20231120 20:27:15.267" endtime="20231120 20:27:15.825"/>
</kw>
<status status="PASS" starttime="20231120 20:26:51.404" endtime="20231120 20:27:15.825"/>
</suite>
<suite id="s1-s3" name="Register" source="/home/hennisep/ohtu2023/palautusrepositorio/viikko3/web-login/src/tests/register.robot">
<kw name="Open And Configure Browser" library="resource" type="SETUP">
<kw name="Evaluate" library="BuiltIn">
<var>${options}</var>
<arg>sys.modules['selenium.webdriver'].ChromeOptions()</arg>
<arg>sys</arg>
<doc>Evaluates the given expression in Python and returns the result.</doc>
<msg timestamp="20231120 20:27:15.836" level="INFO">${options} = &lt;selenium.webdriver.chrome.options.Options object at 0x7fa755f75660&gt;</msg>
<status status="PASS" starttime="20231120 20:27:15.835" endtime="20231120 20:27:15.836"/>
</kw>
<kw name="Open Browser" library="SeleniumLibrary">
<arg>browser=chrome</arg>
<arg>options=${options}</arg>
<doc>Opens a new browser instance to the optional ``url``.</doc>
<msg timestamp="20231120 20:27:15.838" level="INFO">Opening browser 'chrome' to base url 'None'.</msg>
<status status="PASS" starttime="20231120 20:27:15.836" endtime="20231120 20:27:16.972"/>
</kw>
<kw name="Set Selenium Speed" library="SeleniumLibrary">
<arg>${DELAY}</arg>
<doc>Sets the delay that is waited after each Selenium command.</doc>
<status status="PASS" starttime="20231120 20:27:16.973" endtime="20231120 20:27:16.973"/>
</kw>
<status status="PASS" starttime="20231120 20:27:15.835" endtime="20231120 20:27:16.973"/>
</kw>
<test id="s1-s3-t1" name="Register With Valid Username And Password" line="7">
<kw name="Set Username">
<arg>hennipennii</arg>
<kw name="Input Text" library="SeleniumLibrary">
<arg>username</arg>
<arg>${username}</arg>
<doc>Types the given ``text`` into the text field identified by ``locator``.</doc>
<msg timestamp="20231120 20:27:16.976" level="INFO">Typing text 'hennipennii' into text field 'username'.</msg>
<msg timestamp="20231120 20:27:18.152" level="INFO" html="true">&lt;/td&gt;&lt;/tr&gt;&lt;tr&gt;&lt;td colspan="3"&gt;&lt;a href="selenium-screenshot-18.png"&gt;&lt;img src="selenium-screenshot-18.png" width="800px"&gt;&lt;/a&gt;</msg>
<msg timestamp="20231120 20:27:18.153" level="FAIL">Element with locator 'username' not found.</msg>
<status status="FAIL" starttime="20231120 20:27:16.974" endtime="20231120 20:27:18.161"/>
</kw>
<status status="FAIL" starttime="20231120 20:27:16.974" endtime="20231120 20:27:18.162"/>
</kw>
<kw name="Set Password">
<arg>henni12345</arg>
<status status="NOT RUN" starttime="20231120 20:27:18.162" endtime="20231120 20:27:18.162"/>
</kw>
<kw name="Set Password confirmation">
<arg>henni12345</arg>
<status status="NOT RUN" starttime="20231120 20:27:18.162" endtime="20231120 20:27:18.162"/>
</kw>
<kw name="Submit Credentials">
<status status="NOT RUN" starttime="20231120 20:27:18.163" endtime="20231120 20:27:18.163"/>
</kw>
<kw name="Register Should Succeed">
<status status="NOT RUN" starttime="20231120 20:27:18.163" endtime="20231120 20:27:18.163"/>
</kw>
<status status="FAIL" starttime="20231120 20:27:16.973" endtime="20231120 20:27:18.163">Element with locator 'username' not found.</status>
</test>
<test id="s1-s3-t2" name="Register With Too Short Username And Valid Password" line="14">
<status status="FAIL" starttime="20231120 20:27:18.164" endtime="20231120 20:27:18.164">Test cannot be empty.</status>
</test>
<test id="s1-s3-t3" name="Register With Valid Username And Invalid Password" line="17">
<status status="FAIL" starttime="20231120 20:27:18.165" endtime="20231120 20:27:18.166">Test cannot be empty.</status>
</test>
<test id="s1-s3-t4" name="Register With Nonmatching Password And Password Confirmation" line="21">
<status status="FAIL" starttime="20231120 20:27:18.166" endtime="20231120 20:27:18.167">Test cannot be empty.</status>
</test>
<kw name="Close Browser" library="SeleniumLibrary" type="TEARDOWN">
<doc>Closes the current browser.</doc>
<status status="PASS" starttime="20231120 20:27:18.168" endtime="20231120 20:27:18.727"/>
</kw>
<status status="FAIL" starttime="20231120 20:27:15.827" endtime="20231120 20:27:18.727"/>
</suite>
<status status="FAIL" starttime="20231120 20:26:49.048" endtime="20231120 20:27:18.729"/>
</suite>
<statistics>
<total>
<stat pass="3" fail="6" skip="0">All Tests</stat>
</total>
<tag>
</tag>
<suite>
<stat pass="3" fail="6" skip="0" id="s1" name="Tests">Tests</stat>
<stat pass="0" fail="2" skip="0" id="s1-s1" name="Home">Tests.Home</stat>
<stat pass="3" fail="0" skip="0" id="s1-s2" name="Login">Tests.Login</stat>
<stat pass="0" fail="4" skip="0" id="s1-s3" name="Register">Tests.Register</stat>
</suite>
</statistics>
<errors>
<msg timestamp="20231120 20:26:49.067" level="ERROR">Error in file '/home/hennisep/ohtu2023/palautusrepositorio/viikko3/web-login/src/tests/resource.robot' on line 33: Creating keyword 'Go To Starting Page' failed: Keyword with same name defined multiple times.</msg>
<msg timestamp="20231120 20:26:49.268" level="ERROR">Error in file '/home/hennisep/ohtu2023/palautusrepositorio/viikko3/web-login/src/tests/resource.robot' on line 4: Importing library '/home/hennisep/ohtu2023/palautusrepositorio/viikko3/web-login/src/services/user_service.py' failed: ModuleNotFoundError: No module named 'entities'
Traceback (most recent call last):
  File "/home/hennisep/ohtu2023/palautusrepositorio/viikko3/web-login/src/services/user_service.py", line 1, in &lt;module&gt;
    from entities.user import User
PYTHONPATH:
  /home/hennisep/ohtu2023/palautusrepositorio/viikko3/web-login/src/services
  /home/hennisep/.cache/pypoetry/virtualenvs/web-login-9wUjRiA7-py3.10/bin
  /usr/lib/python310.zip
  /usr/lib/python3.10
  /usr/lib/python3.10/lib-dynload
  /home/hennisep/.cache/pypoetry/virtualenvs/web-login-9wUjRiA7-py3.10/lib/python3.10/site-packages</msg>
<msg timestamp="20231120 20:26:51.406" level="ERROR">Error in file '/home/hennisep/ohtu2023/palautusrepositorio/viikko3/web-login/src/tests/resource.robot' on line 33: Creating keyword 'Go To Starting Page' failed: Keyword with same name defined multiple times.</msg>
<msg timestamp="20231120 20:26:51.410" level="ERROR">Error in file '/home/hennisep/ohtu2023/palautusrepositorio/viikko3/web-login/src/tests/resource.robot' on line 4: Importing library '/home/hennisep/ohtu2023/palautusrepositorio/viikko3/web-login/src/services/user_service.py' failed: ModuleNotFoundError: No module named 'entities'
Traceback (most recent call last):
  File "/home/hennisep/ohtu2023/palautusrepositorio/viikko3/web-login/src/services/user_service.py", line 1, in &lt;module&gt;
    from entities.user import User
PYTHONPATH:
  /home/hennisep/ohtu2023/palautusrepositorio/viikko3/web-login/src/services
  /home/hennisep/.cache/pypoetry/virtualenvs/web-login-9wUjRiA7-py3.10/bin
  /usr/lib/python310.zip
  /usr/lib/python3.10
  /usr/lib/python3.10/lib-dynload
  /home/hennisep/.cache/pypoetry/virtualenvs/web-login-9wUjRiA7-py3.10/lib/python3.10/site-packages</msg>
<msg timestamp="20231120 20:27:15.830" level="ERROR">Error in file '/home/hennisep/ohtu2023/palautusrepositorio/viikko3/web-login/src/tests/resource.robot' on line 33: Creating keyword 'Go To Starting Page' failed: Keyword with same name defined multiple times.</msg>
<msg timestamp="20231120 20:27:15.834" level="ERROR">Error in file '/home/hennisep/ohtu2023/palautusrepositorio/viikko3/web-login/src/tests/resource.robot' on line 4: Importing library '/home/hennisep/ohtu2023/palautusrepositorio/viikko3/web-login/src/services/user_service.py' failed: ModuleNotFoundError: No module named 'entities'
Traceback (most recent call last):
  File "/home/hennisep/ohtu2023/palautusrepositorio/viikko3/web-login/src/services/user_service.py", line 1, in &lt;module&gt;
    from entities.user import User
PYTHONPATH:
  /home/hennisep/ohtu2023/palautusrepositorio/viikko3/web-login/src/services
  /home/hennisep/.cache/pypoetry/virtualenvs/web-login-9wUjRiA7-py3.10/bin
  /usr/lib/python310.zip
  /usr/lib/python3.10
  /usr/lib/python3.10/lib-dynload
  /home/hennisep/.cache/pypoetry/virtualenvs/web-login-9wUjRiA7-py3.10/lib/python3.10/site-packages</msg>
</errors>
</robot>
